AXES: BEGIN version 6.3.0, blocking by ip_address or combination of username and user_agent
AXES: BEGIN version 6.3.0, blocking by ip_address or combination of username and user_agent
AXES: BEGIN version 6.3.0, blocking by ip_address or combination of username and user_agent
AXES: BEGIN version 6.3.0, blocking by ip_address or combination of username and user_agent
AXES: BEGIN version 6.3.0, blocking by ip_address or combination of username and user_agent
AXES: BEGIN version 6.3.0, blocking by ip_address or combination of username and user_agent
AXES: BEGIN version 6.3.0, blocking by ip_address or combination of username and user_agent
AXES: BEGIN version 6.3.0, blocking by ip_address or combination of username and user_agent
AXES: BEGIN version 6.3.0, blocking by ip_address or combination of username and user_agent
AXES: BEGIN version 6.3.0, blocking by ip_address or combination of username and user_agent
AXES: BEGIN version 6.3.0, blocking by ip_address or combination of username and user_agent
AXES: BEGIN version 6.3.0, blocking by ip_address or combination of username and user_agent
AXES: BEGIN version 6.3.0, blocking by ip_address or combination of username and user_agent
AXES: BEGIN version 6.3.0, blocking by ip_address or combination of username and user_agent
AXES: BEGIN version 6.3.0, blocking by ip_address or combination of username and user_agent
AXES: BEGIN version 6.3.0, blocking by ip_address or combination of username and user_agent
AXES: BEGIN version 6.3.0, blocking by ip_address or combination of username and user_agent
AXES: BEGIN version 6.3.0, blocking by ip_address or combination of username and user_agent
AXES: BEGIN version 6.3.0, blocking by ip_address or combination of username and user_agent
AXES: BEGIN version 6.3.0, blocking by ip_address or combination of username and user_agent
AXES: BEGIN version 6.3.0, blocking by ip_address or combination of username and user_agent
AXES: BEGIN version 6.3.0, blocking by ip_address or combination of username and user_agent
AXES: BEGIN version 6.3.0, blocking by ip_address or combination of username and user_agent
AXES: BEGIN version 6.3.0, blocking by ip_address or combination of username and user_agent
AXES: BEGIN version 6.3.0, blocking by ip_address or combination of username and user_agent
AXES: BEGIN version 6.3.0, blocking by ip_address or combination of username and user_agent
AXES: BEGIN version 6.3.0, blocking by ip_address or combination of username and user_agent
AXES: BEGIN version 6.3.0, blocking by ip_address or combination of username and user_agent
AXES: BEGIN version 6.3.0, blocking by ip_address or combination of username and user_agent
AXES: BEGIN version 6.3.0, blocking by ip_address or combination of username and user_agent
AXES: BEGIN version 6.3.0, blocking by ip_address or combination of username and user_agent
AXES: BEGIN version 6.3.0, blocking by ip_address or combination of username and user_agent
AXES: BEGIN version 6.3.0, blocking by ip_address or combination of username and user_agent
AXES: BEGIN version 6.3.0, blocking by ip_address or combination of username and user_agent
AXES: BEGIN version 6.3.0, blocking by ip_address or combination of username and user_agent
Using request.META.get('REMOTE_ADDR', None) fallback method to get client IP address
Using parameter credentials to get username with key settings.AXES_USERNAME_FORM_FIELD
AXES: Getting access attempts that are newer than 2024-05-12 13:48:18.533030
Using parameter credentials to get username with key settings.AXES_USERNAME_FORM_FIELD
AXES: Getting access attempts that are newer than 2024-05-12 13:48:18.533030
AXES: User login failed, running database handler for failure.
AXES: Cleaned up 0 expired access attempts from database that were older than 2024-05-12 13:48:18.533030
Using parameter credentials to get username with key settings.AXES_USERNAME_FORM_FIELD
AXES: New login failure by {username: "********************", ip_address: "********************", user_agent: "Mozilla/5.0 (Windows NT 10.0; Win64; x64) AppleWebKit/537.36 (KHTML, like Gecko) Chrome/124.0.0.0 Safari/537.36", path_info: "/admin/login/"}. Created new record in the database.
Using parameter credentials to get username with key settings.AXES_USERNAME_FORM_FIELD
AXES: Getting access attempts that are newer than 2024-05-12 13:48:18.533030
AXES: BEGIN version 6.3.0, blocking by ip_address or combination of username and user_agent
AXES: BEGIN version 6.3.0, blocking by ip_address or combination of username and user_agent
AXES: BEGIN version 6.3.0, blocking by ip_address or combination of username and user_agent
AXES: BEGIN version 6.3.0, blocking by ip_address or combination of username and user_agent
AXES: BEGIN version 6.3.0, blocking by ip_address or combination of username and user_agent
AXES: BEGIN version 6.3.0, blocking by ip_address or combination of username and user_agent
AXES: BEGIN version 6.3.0, blocking by ip_address or combination of username and user_agent
AXES: BEGIN version 6.3.0, blocking by ip_address or combination of username and user_agent
AXES: BEGIN version 6.3.0, blocking by ip_address or combination of username and user_agent
AXES: BEGIN version 6.3.0, blocking by ip_address or combination of username and user_agent
AXES: BEGIN version 6.3.0, blocking by ip_address or combination of username and user_agent
Using request.META.get('REMOTE_ADDR', None) fallback method to get client IP address
Using parameter credentials to get username with key settings.AXES_USERNAME_FORM_FIELD
AXES: Getting access attempts that are newer than 2024-05-12 15:11:37.958445
Using parameter credentials to get username with key settings.AXES_USERNAME_FORM_FIELD
AXES: Getting access attempts that are newer than 2024-05-12 15:11:37.958445
AXES: User login failed, running database handler for failure.
AXES: Cleaned up 1 expired access attempts from database that were older than 2024-05-12 15:11:37.958445
Using parameter credentials to get username with key settings.AXES_USERNAME_FORM_FIELD
AXES: New login failure by {username: "********************", ip_address: "********************", user_agent: "Mozilla/5.0 (Windows NT 10.0; Win64; x64) AppleWebKit/537.36 (KHTML, like Gecko) Chrome/124.0.0.0 Safari/537.36", path_info: "/admin/login/"}. Created new record in the database.
Using parameter credentials to get username with key settings.AXES_USERNAME_FORM_FIELD
AXES: Getting access attempts that are newer than 2024-05-12 15:11:37.958445
AXES: BEGIN version 6.3.0, blocking by ip_address or combination of username and user_agent
AXES: BEGIN version 6.3.0, blocking by ip_address or combination of username and user_agent
AXES: BEGIN version 6.3.0, blocking by ip_address or combination of username and user_agent
AXES: BEGIN version 6.3.0, blocking by ip_address or combination of username and user_agent
AXES: BEGIN version 6.3.0, blocking by ip_address or combination of username and user_agent
AXES: BEGIN version 6.3.0, blocking by ip_address or combination of username and user_agent
AXES: BEGIN version 6.3.0, blocking by ip_address or combination of username and user_agent
AXES: BEGIN version 6.3.0, blocking by ip_address or combination of username and user_agent
AXES: BEGIN version 6.3.0, blocking by ip_address or combination of username and user_agent
AXES: BEGIN version 6.3.0, blocking by ip_address or combination of username and user_agent
AXES: BEGIN version 6.3.0, blocking by ip_address or combination of username and user_agent
AXES: BEGIN version 6.3.0, blocking by ip_address or combination of username and user_agent
AXES: BEGIN version 6.3.0, blocking by ip_address or combination of username and user_agent
AXES: BEGIN version 6.3.0, blocking by ip_address or combination of username and user_agent
AXES: BEGIN version 6.3.0, blocking by ip_address or combination of username and user_agent
AXES: BEGIN version 6.3.0, blocking by ip_address or combination of username and user_agent
AXES: BEGIN version 6.3.0, blocking by ip_address or combination of username and user_agent
AXES: BEGIN version 6.3.0, blocking by ip_address or combination of username and user_agent
AXES: BEGIN version 6.3.0, blocking by ip_address or combination of username and user_agent
AXES: BEGIN version 6.3.0, blocking by ip_address or combination of username and user_agent
AXES: BEGIN version 6.3.0, blocking by ip_address or combination of username and user_agent
AXES: BEGIN version 6.3.0, blocking by ip_address or combination of username and user_agent
AXES: BEGIN version 6.3.0, blocking by ip_address or combination of username and user_agent
AXES: BEGIN version 6.3.0, blocking by ip_address or combination of username and user_agent
Using request.META.get('REMOTE_ADDR', None) fallback method to get client IP address
Using parameter credentials to get username with key settings.AXES_USERNAME_FORM_FIELD
AXES: Getting access attempts that are newer than 2024-05-12 16:59:07.384212
AXES: Cleaned up 1 expired access attempts from database that were older than 2024-05-12 16:59:07.384212
AXES: Successful login by {username: "********************", ip_address: "********************", user_agent: "Mozilla/5.0 (Windows NT 10.0; Win64; x64) AppleWebKit/537.36 (KHTML, like Gecko) Chrome/124.0.0.0 Safari/537.36", path_info: "/admin/login/"}.
AXES: BEGIN version 6.3.0, blocking by ip_address or combination of username and user_agent
AXES: BEGIN version 6.3.0, blocking by ip_address or combination of username and user_agent
AXES: BEGIN version 6.3.0, blocking by ip_address or combination of username and user_agent
AXES: BEGIN version 6.3.0, blocking by ip_address or combination of username and user_agent
AXES: BEGIN version 6.3.0, blocking by ip_address or combination of username and user_agent
AXES: BEGIN version 6.3.0, blocking by ip_address or combination of username and user_agent
AXES: BEGIN version 6.3.0, blocking by ip_address or combination of username and user_agent
AXES: BEGIN version 6.3.0, blocking by ip_address or combination of username and user_agent
AXES: BEGIN version 6.3.0, blocking by ip_address or combination of username and user_agent
AXES: BEGIN version 6.3.0, blocking by ip_address or combination of username and user_agent
AXES: BEGIN version 6.3.0, blocking by ip_address or combination of username and user_agent
AXES: BEGIN version 6.3.0, blocking by ip_address or combination of username and user_agent
AXES: BEGIN version 6.3.0, blocking by ip_address or combination of username and user_agent
AXES: BEGIN version 6.3.0, blocking by ip_address or combination of username and user_agent
AXES: BEGIN version 6.3.0, blocking by ip_address or combination of username and user_agent
AXES: BEGIN version 6.3.0, blocking by ip_address or combination of username and user_agent
AXES: BEGIN version 6.3.0, blocking by ip_address or combination of username and user_agent
AXES: BEGIN version 6.3.0, blocking by ip_address or combination of username and user_agent
AXES: BEGIN version 6.3.0, blocking by ip_address or combination of username and user_agent
AXES: BEGIN version 6.3.0, blocking by ip_address or combination of username and user_agent
AXES: BEGIN version 6.3.0, blocking by ip_address or combination of username and user_agent
AXES: BEGIN version 6.3.0, blocking by ip_address or combination of username and user_agent
AXES: BEGIN version 6.3.0, blocking by ip_address or combination of username and user_agent
AXES: BEGIN version 6.3.0, blocking by ip_address or combination of username and user_agent
AXES: BEGIN version 6.3.0, blocking by ip_address or combination of username and user_agent
AXES: BEGIN version 6.3.0, blocking by ip_address or combination of username and user_agent
AXES: BEGIN version 6.3.0, blocking by ip_address or combination of username and user_agent
AXES: BEGIN version 6.3.0, blocking by ip_address or combination of username and user_agent
AXES: BEGIN version 6.3.0, blocking by ip_address or combination of username and user_agent
AXES: BEGIN version 6.3.0, blocking by ip_address or combination of username and user_agent
AXES: BEGIN version 6.3.0, blocking by ip_address or combination of username and user_agent
AXES: BEGIN version 6.3.0, blocking by ip_address or combination of username and user_agent
AXES: BEGIN version 6.3.0, blocking by ip_address or combination of username and user_agent
AXES: BEGIN version 6.3.0, blocking by ip_address or combination of username and user_agent
AXES: BEGIN version 6.3.0, blocking by ip_address or combination of username and user_agent
AXES: BEGIN version 6.3.0, blocking by ip_address or combination of username and user_agent
AXES: BEGIN version 6.3.0, blocking by ip_address or combination of username and user_agent
AXES: BEGIN version 6.3.0, blocking by ip_address or combination of username and user_agent
AXES: BEGIN version 6.3.0, blocking by ip_address or combination of username and user_agent
AXES: BEGIN version 6.3.0, blocking by ip_address or combination of username and user_agent
AXES: BEGIN version 6.3.0, blocking by ip_address or combination of username and user_agent
AXES: BEGIN version 6.3.0, blocking by ip_address or combination of username and user_agent
AXES: BEGIN version 6.3.0, blocking by ip_address or combination of username and user_agent
AXES: BEGIN version 6.3.0, blocking by ip_address or combination of username and user_agent
AXES: BEGIN version 6.3.0, blocking by ip_address or combination of username and user_agent
AXES: BEGIN version 6.3.0, blocking by ip_address or combination of username and user_agent
AXES: BEGIN version 6.3.0, blocking by ip_address or combination of username and user_agent
AXES: BEGIN version 6.3.0, blocking by ip_address or combination of username and user_agent
AXES: BEGIN version 6.3.0, blocking by ip_address or combination of username and user_agent
AXES: BEGIN version 6.3.0, blocking by ip_address or combination of username and user_agent
AXES: BEGIN version 6.3.0, blocking by ip_address or combination of username and user_agent
AXES: BEGIN version 6.3.0, blocking by ip_address or combination of username and user_agent
AXES: BEGIN version 6.3.0, blocking by ip_address or combination of username and user_agent
AXES: BEGIN version 6.3.0, blocking by ip_address or combination of username and user_agent
AXES: BEGIN version 6.3.0, blocking by ip_address or combination of username and user_agent
AXES: BEGIN version 6.3.0, blocking by ip_address or combination of username and user_agent
AXES: BEGIN version 6.3.0, blocking by ip_address or combination of username and user_agent
AXES: BEGIN version 6.3.0, blocking by ip_address or combination of username and user_agent
AXES: BEGIN version 6.3.0, blocking by ip_address or combination of username and user_agent
AXES: BEGIN version 6.3.0, blocking by ip_address or combination of username and user_agent
AXES: BEGIN version 6.3.0, blocking by ip_address or combination of username and user_agent
AXES: BEGIN version 6.3.0, blocking by ip_address or combination of username and user_agent
AXES: BEGIN version 6.3.0, blocking by ip_address or combination of username and user_agent
AXES: BEGIN version 6.3.0, blocking by ip_address or combination of username and user_agent
AXES: BEGIN version 6.3.0, blocking by ip_address or combination of username and user_agent
AXES: BEGIN version 6.3.0, blocking by ip_address or combination of username and user_agent
AXES: BEGIN version 6.3.0, blocking by ip_address or combination of username and user_agent
AXES: BEGIN version 6.3.0, blocking by ip_address or combination of username and user_agent
AXES: BEGIN version 6.3.0, blocking by ip_address or combination of username and user_agent
AXES: BEGIN version 6.3.0, blocking by ip_address or combination of username and user_agent
AXES: BEGIN version 6.3.0, blocking by ip_address or combination of username and user_agent
AXES: BEGIN version 6.3.0, blocking by ip_address or combination of username and user_agent
AXES: BEGIN version 6.3.0, blocking by ip_address or combination of username and user_agent
AXES: BEGIN version 6.3.0, blocking by ip_address or combination of username and user_agent
AXES: BEGIN version 6.3.0, blocking by ip_address or combination of username and user_agent
AXES: BEGIN version 6.3.0, blocking by ip_address or combination of username and user_agent
AXES: BEGIN version 6.3.0, blocking by ip_address or combination of username and user_agent
AXES: BEGIN version 6.3.0, blocking by ip_address or combination of username and user_agent
AXES: BEGIN version 6.3.0, blocking by ip_address or combination of username and user_agent
AXES: BEGIN version 6.3.0, blocking by ip_address or combination of username and user_agent
AXES: BEGIN version 6.3.0, blocking by ip_address or combination of username and user_agent
AXES: BEGIN version 6.3.0, blocking by ip_address or combination of username and user_agent
AXES: BEGIN version 6.3.0, blocking by ip_address or combination of username and user_agent
AXES: BEGIN version 6.3.0, blocking by ip_address or combination of username and user_agent
AXES: BEGIN version 6.3.0, blocking by ip_address or combination of username and user_agent
AXES: BEGIN version 6.3.0, blocking by ip_address or combination of username and user_agent
AXES: BEGIN version 6.3.0, blocking by ip_address or combination of username and user_agent
AXES: BEGIN version 6.3.0, blocking by ip_address or combination of username and user_agent
AXES: BEGIN version 6.3.0, blocking by ip_address or combination of username and user_agent
AXES: BEGIN version 6.3.0, blocking by ip_address or combination of username and user_agent
AXES: BEGIN version 6.3.0, blocking by ip_address or combination of username and user_agent
AXES: BEGIN version 6.3.0, blocking by ip_address or combination of username and user_agent
AXES: BEGIN version 6.3.0, blocking by ip_address or combination of username and user_agent
AXES: BEGIN version 6.3.0, blocking by ip_address or combination of username and user_agent
AXES: BEGIN version 6.3.0, blocking by ip_address or combination of username and user_agent
AXES: BEGIN version 6.3.0, blocking by ip_address or combination of username and user_agent
AXES: BEGIN version 6.3.0, blocking by ip_address or combination of username and user_agent
AXES: BEGIN version 6.3.0, blocking by ip_address or combination of username and user_agent
AXES: BEGIN version 6.3.0, blocking by ip_address or combination of username and user_agent
AXES: BEGIN version 6.3.0, blocking by ip_address or combination of username and user_agent
AXES: BEGIN version 6.3.0, blocking by ip_address or combination of username and user_agent
AXES: BEGIN version 6.3.0, blocking by ip_address or combination of username and user_agent
AXES: BEGIN version 6.3.0, blocking by ip_address or combination of username and user_agent
AXES: BEGIN version 6.3.0, blocking by ip_address or combination of username and user_agent
AXES: BEGIN version 6.3.0, blocking by ip_address or combination of username and user_agent
AXES: BEGIN version 6.3.0, blocking by ip_address or combination of username and user_agent
AXES: BEGIN version 6.3.0, blocking by ip_address or combination of username and user_agent
AXES: BEGIN version 6.3.0, blocking by ip_address or combination of username and user_agent
AXES: BEGIN version 6.3.0, blocking by ip_address or combination of username and user_agent
AXES: BEGIN version 6.3.0, blocking by ip_address or combination of username and user_agent
AXES: BEGIN version 6.3.0, blocking by ip_address or combination of username and user_agent
AXES: BEGIN version 6.3.0, blocking by ip_address or combination of username and user_agent
AXES: BEGIN version 6.3.0, blocking by ip_address or combination of username and user_agent
AXES: BEGIN version 6.3.0, blocking by ip_address or combination of username and user_agent
AXES: BEGIN version 6.3.0, blocking by ip_address or combination of username and user_agent
AXES: BEGIN version 6.3.0, blocking by ip_address or combination of username and user_agent
AXES: BEGIN version 6.3.0, blocking by ip_address or combination of username and user_agent
AXES: BEGIN version 6.3.0, blocking by ip_address or combination of username and user_agent
AXES: BEGIN version 6.3.0, blocking by ip_address or combination of username and user_agent
Using request.META.get('REMOTE_ADDR', None) fallback method to get client IP address
Using parameter credentials to get username with key settings.AXES_USERNAME_FORM_FIELD
AXES: Getting access attempts that are newer than 2024-05-13 15:40:14.839673
Using request.META.get('REMOTE_ADDR', None) fallback method to get client IP address
Using parameter credentials to get username with key settings.AXES_USERNAME_FORM_FIELD
AXES: Getting access attempts that are newer than 2024-05-13 15:43:23.535119
AXES: BEGIN version 6.3.0, blocking by ip_address or combination of username and user_agent
AXES: BEGIN version 6.3.0, blocking by ip_address or combination of username and user_agent
Using request.META.get('REMOTE_ADDR', None) fallback method to get client IP address
Using parameter credentials to get username with key settings.AXES_USERNAME_FORM_FIELD
AXES: Getting access attempts that are newer than 2024-05-13 15:56:09.390762
AXES: BEGIN version 6.3.0, blocking by ip_address or combination of username and user_agent
AXES: BEGIN version 6.3.0, blocking by ip_address or combination of username and user_agent
AXES: BEGIN version 6.3.0, blocking by ip_address or combination of username and user_agent
AXES: BEGIN version 6.3.0, blocking by ip_address or combination of username and user_agent
AXES: BEGIN version 6.3.0, blocking by ip_address or combination of username and user_agent
AXES: BEGIN version 6.3.0, blocking by ip_address or combination of username and user_agent
AXES: BEGIN version 6.3.0, blocking by ip_address or combination of username and user_agent
AXES: BEGIN version 6.3.0, blocking by ip_address or combination of username and user_agent
AXES: BEGIN version 6.3.0, blocking by ip_address or combination of username and user_agent
AXES: BEGIN version 6.3.0, blocking by ip_address or combination of username and user_agent
AXES: BEGIN version 6.3.0, blocking by ip_address or combination of username and user_agent
AXES: BEGIN version 6.3.0, blocking by ip_address or combination of username and user_agent
AXES: BEGIN version 6.3.0, blocking by ip_address or combination of username and user_agent
AXES: BEGIN version 6.3.0, blocking by ip_address or combination of username and user_agent
AXES: BEGIN version 6.3.0, blocking by ip_address or combination of username and user_agent
AXES: BEGIN version 6.3.0, blocking by ip_address or combination of username and user_agent
AXES: BEGIN version 6.3.0, blocking by ip_address or combination of username and user_agent
AXES: BEGIN version 6.3.0, blocking by ip_address or combination of username and user_agent
